2025-02-23 00:07:49,145 - mode: normal, avg_auc: 0.895530845344868, avg_aucr: 0.9008541227816467

2025-02-25 22:47:04,653 - mode:nosvd, avg_auc: 0.8943526208869418, avg_aucr: 0.8993705378617209
2025-02-25 22:49:33,116 - mode:nosvd, avg_auc: 0.8951300597006675, avg_aucr: 0.9018495885198188

2025-02-25 22:53:20,432 - mode:normal, avg_auc: 0.8950975836431228, avg_aucr: 0.9004361338978013




2025-02-25 23:06:22,220 - mode:super_svd, avg_auc: 0.8948433893948398, avg_aucr: 0.9002424129558853
2025-02-25 23:31:33,780 - mode: avg_auc: 0.8981346996310167, avg_aucr: 0.9043822456449444
2025-02-26 00:57:50,183 - mode: avg_auc: 0.7548539613880406, avg_aucr: 0.7752576350083661
2025-02-26 01:00:49,833 - mode: avg_auc: 0.7649251668716573, avg_aucr: 0.7761935452883806
2025-02-26 01:01:29,493 - mode: avg_auc: 0.8704412597946407, avg_aucr: 0.8965166109847543
2025-02-26 01:02:31,140 - mode: avg_auc: 0.8825437735796907, avg_aucr: 0.8909013053410565
2025-02-26 01:03:10,788 - mode: avg_auc: 0.8838462707812218, avg_aucr: 0.8718780738883806
2025-02-26 01:03:44,240 - mode: avg_auc: 0.8177039427315819, avg_aucr: 0.824987270158417
2025-02-26 01:04:06,320 - mode: avg_auc: 0.8669621757576597, avg_aucr: 0.874727414195389
2025-02-26 22:05:47,196 - mode: avg_auc: 0.8669310816600103, avg_aucr: 0.8754444928125168
2025-02-26 22:09:17,950 - mode: avg_auc: 0.8541341330274594, avg_aucr: 0.8642824713970483
2025-02-26 22:11:20,763 - mode: avg_auc: 0.8393989856414366, avg_aucr: 0.8341019145654996
2025-02-26 22:12:27,614 - mode: avg_auc: 0.6816828125647794, avg_aucr: 0.6907619426562508
2025-02-26 22:13:27,015 - mode: avg_auc: 0.714639101173284, avg_aucr: 0.7241106118261892
2025-02-26 22:19:02,857 - mode: avg_auc: 0.6982283274139385, avg_aucr: 0.7253090657369516
2025-02-26 23:20:48,327 - mode: avg_auc: 0.6992647973355813, avg_aucr: 0.7082969017987844
2025-02-26 23:21:45,292 - mode: avg_auc: 0.7897451665952654, avg_aucr: 0.7973664172481257
2025-02-26 23:22:25,484 - mode: avg_auc: 0.8927426376086566, avg_aucr: 0.9008947407448714
2025-02-26 23:22:49,496 - mode: avg_auc: 0.8959211453683615, avg_aucr: 0.8963312597947145
2025-02-26 23:23:32,041 - mode: avg_auc: 0.8997146252815742, avg_aucr: 0.8868511648107302
2025-02-26 23:24:30,590 - mode: avg_auc: 0.8962251765453766, avg_aucr: 0.8925565736767859
2025-02-26 23:24:56,040 - mode: avg_auc: 0.9005852600157542, avg_aucr: 0.9030614092264945
2025-02-26 23:25:19,959 - mode: avg_auc: 0.890414035184699, avg_aucr: 0.8981971300843874
2025-02-26 23:25:35,371 - mode: avg_auc: 0.9054773980459087, avg_aucr: 0.8992809403466431
2025-02-26 23:26:05,072 - mode: avg_auc: 0.8923556888379099, avg_aucr: 0.9016538018583395
2025-02-26 23:26:41,239 - mode: avg_auc: 0.8886485814181672, avg_aucr: 0.8979640204334669
2025-02-26 23:27:17,011 - mode: avg_auc: 0.8711184201434474, avg_aucr: 0.8786836183909463
2025-02-26 23:28:02,990 - mode: avg_auc: 0.7846941031771257, avg_aucr: 0.7857558842747646
2025-02-26 23:28:34,258 - mode: avg_auc: 0.8929050178963805, avg_aucr: 0.9026066720875123
2025-02-26 23:28:54,470 - mode: avg_auc: 0.891650889291193, avg_aucr: 0.8905468381776217
2025-02-26 23:29:09,555 - mode: avg_auc: 0.807351335664239, avg_aucr: 0.804161156984186
2025-02-26 23:29:38,665 - mode: avg_auc: 0.8677706222965408, avg_aucr: 0.8751686337984966
2025-02-26 23:29:57,640 - mode: avg_auc: 0.8634761819212007, avg_aucr: 0.8815232729261693
2025-02-26 23:36:29,692 - mode: avg_auc: 0.8773925180691257, avg_aucr: 0.8898304087493814
2025-02-26 23:37:12,948 - mode: avg_auc: 0.8917856303810063, avg_aucr: 0.9017862810637332
2025-02-26 23:37:37,121 - mode: avg_auc: 0.8831172869363332, avg_aucr: 0.8897185138529433
2025-02-26 23:38:01,913 - mode: avg_auc: 0.8767395420184907, avg_aucr: 0.8922541442896862
2025-02-26 23:38:33,645 - mode: avg_auc: 0.7891751081383618, avg_aucr: 0.7845215741616253
2025-02-26 23:39:18,728 - mode: avg_auc: 0.7919493926286258, avg_aucr: 0.7941521135885747
2025-02-26 23:39:35,666 - mode: avg_auc: 0.8473832589378256, avg_aucr: 0.8764763165931977
2025-02-26 23:40:14,693 - mode: avg_auc: 0.8605222426445186, avg_aucr: 0.8764959431044497
2025-02-26 23:40:43,176 - mode: avg_auc: 0.893043213885933, avg_aucr: 0.8986106153001118
2025-02-26 23:41:05,691 - mode: avg_auc: 0.8927080886112685, avg_aucr: 0.8948153794024803
2025-02-26 23:41:50,450 - mode: avg_auc: 0.8873357195174196, avg_aucr: 0.8973619045585419
2025-02-26 23:42:15,122 - mode: avg_auc: 0.8957242160832493, avg_aucr: 0.9061307773982308
2025-02-26 23:44:19,256 - mode: avg_auc: 0.8925837122206712, avg_aucr: 0.8854596113141122
2025-02-26 23:45:50,043 - mode: avg_auc: 0.8936409115407471, avg_aucr: 0.8964577565803699
2025-02-26 23:46:38,837 - mode: avg_auc: 0.8756166996033774, avg_aucr: 0.8942543251520283
2025-02-26 23:47:06,503 - mode: avg_auc: 0.8786190074764031, avg_aucr: 0.8854838930101862
2025-02-26 23:48:42,551 - mode: avg_auc: 0.8872044333273449, avg_aucr: 0.8853193998350753
2025-02-26 23:52:22,357 - mode: avg_auc: 0.873540304860353, avg_aucr: 0.8792232667391442
2025-02-26 23:54:48,527 - mode: avg_auc: 0.8428677049792015, avg_aucr: 0.8389312570182655
2025-02-27 00:00:11,723 - mode: avg_auc: 0.5820953275935932, avg_aucr: 0.6286113648258971
2025-02-27 00:02:40,298 - mode: avg_auc: 0.5402737662553032, avg_aucr: 0.5547840147638828
2025-03-02 13:43:46,092 - mode: avg_auc: 0.5079255400008291, avg_aucr: 0.5195465532882093
2025-03-02 13:45:49,165 - mode: avg_auc: 0.8873806332140242, avg_aucr: 0.8827475699409493
2025-03-02 13:46:37,461 - mode: avg_auc: 0.8956758474869059, avg_aucr: 0.898794139103674
2025-03-02 13:47:00,293 - mode: avg_auc: 0.8905211370766021, avg_aucr: 0.8962039951390985
2025-03-02 13:48:37,069 - mode: avg_auc: 0.8854666187587237, avg_aucr: 0.630868878693665
2025-03-02 13:49:03,766 - mode: avg_auc: 0.8838151766835727, avg_aucr: 0.81596322724958
2025-03-02 13:49:20,996 - mode: avg_auc: 0.890814803554401, avg_aucr: 0.8141546051867717
2025-03-02 13:50:04,643 - mode: avg_auc: 0.888794550932132, avg_aucr: 0.80503977558236
2025-03-02 13:50:22,926 - mode: avg_auc: 0.892573347521455, avg_aucr: 0.8231946475346172
2025-03-02 13:50:52,687 - mode: avg_auc: 0.8894673926562652, avg_aucr: 0.8196076600823244
2025-03-02 13:51:14,430 - mode: avg_auc: 0.7324914318486477, avg_aucr: 0.6541818605616988
2025-03-02 13:51:44,814 - mode: avg_auc: 0.8834057710645238, avg_aucr: 0.7982947621892243
2025-03-02 13:52:03,822 - mode: avg_auc: 0.888681402965686, avg_aucr: 0.7876618099196004
2025-03-02 13:52:26,342 - mode: avg_auc: 0.8914798717541217, avg_aucr: 0.8060486099338092
2025-03-02 14:02:27,952 - mode: avg_auc: 0.8875982918975692, avg_aucr: 0.8001767703070243
2025-03-02 14:03:19,084 - mode: avg_auc: 0.8869124942994153, avg_aucr: 0.8138991589213247
2025-03-02 14:18:16,660 - mode: avg_auc: 0.8949641381407112, avg_aucr: 0.9009492553007215
2025-03-02 14:19:46,173 - mode: avg_auc: 0.8867311120631278, avg_aucr: 0.8946531061212726
2025-03-02 14:21:11,998 - mode: avg_auc: 0.882809800859579, avg_aucr: 0.9000600429713634
2025-03-02 14:25:21,377 - mode: avg_auc: 0.8903829410870496, avg_aucr: 0.8835225632221049
2025-03-02 14:26:04,954 - mode: avg_auc: 0.8882322659996407, avg_aucr: 0.7957061603275009
2025-03-02 14:26:26,245 - mode: avg_auc: 0.8811946352316855, avg_aucr: 0.7900695258241047
2025-03-02 14:30:11,682 - mode: avg_auc: 0.8863147966446013, avg_aucr: 0.7857530638315264
2025-03-02 14:42:48,115 - mode: avg_auc: 0.8815694918533463, avg_aucr: 0.7913121961073221
2025-03-02 14:43:21,928 - mode: avg_auc: 0.8860194027169331, avg_aucr: 0.7928350868868388
2025-03-02 14:52:34,200 - mode: avg_auc: 0.8841969431047112, avg_aucr: 0.8057220010631574
2025-03-02 14:54:04,574 - mode: avg_auc: 0.8764372382913449, avg_aucr: 0.7898168504877155
2025-03-02 14:57:44,012 - mode: avg_auc: 0.8815228507068726, avg_aucr: 0.8055441928504166
2025-03-02 14:57:57,514 - mode: avg_auc: 0.8860574066140601, avg_aucr: 0.798214444272981
2025-03-02 14:58:22,367 - mode: avg_auc: 0.8814641174113126, avg_aucr: 0.7980668857112447
2025-03-02 14:58:45,550 - mode: avg_auc: 0.8789904091983249, avg_aucr: 0.7914405638705826
2025-03-02 14:59:10,040 - mode: avg_auc: 0.8783978938931193, avg_aucr: 0.8001262486350954
2025-03-02 14:59:24,391 - mode: avg_auc: 0.8810771686405661, avg_aucr: 0.8043548007465646
2025-03-02 14:59:35,982 - mode: avg_auc: 0.8810288000442228, avg_aucr: 0.789722756068194
2025-03-02 14:59:48,767 - mode: avg_auc: 0.8882279473749672, avg_aucr: 0.8012570454533992
2025-03-02 15:00:03,090 - mode: avg_auc: 0.880116706513177, avg_aucr: 0.805775684268364
2025-03-02 15:00:28,024 - mode: avg_auc: 0.8764683323889941, avg_aucr: 0.8007706230425375
2025-03-02 15:07:19,754 - mode: avg_auc: 0.8830162311189731, avg_aucr: 0.8121948568418204
2025-03-02 15:07:34,207 - mode: avg_auc: 0.8848723760036483, avg_aucr: 0.8071940426294095
2025-03-02 15:07:43,729 - mode: avg_auc: 0.8805744807285694, avg_aucr: 0.7870794039373289
2025-03-02 15:07:58,461 - mode: avg_auc: 0.8802704495515541, avg_aucr: 0.7966196369812966
2025-03-02 15:08:29,150 - mode: avg_auc: 0.8847652741117452, avg_aucr: 0.8273741542995705
2025-03-02 15:08:45,444 - mode: avg_auc: 0.885741283287959, avg_aucr: 0.7967867737927821
2025-03-02 15:09:06,723 - mode: avg_auc: 0.8849604759469879, avg_aucr: 0.8166101019070234
2025-03-02 15:09:26,734 - mode: avg_auc: 0.8873115352192478, avg_aucr: 0.8110767523559258
2025-03-02 15:11:07,800 - mode: avg_auc: 0.8912743052196624, avg_aucr: 0.819192560040177
2025-03-02 15:12:02,410 - mode: avg_auc: 0.8888835146004064, avg_aucr: 0.8136389441528027
2025-03-02 15:12:22,739 - mode: avg_auc: 0.8849397465485551, avg_aucr: 0.8019063933839795
2025-03-02 15:13:00,899 - mode: avg_auc: 0.8890355301889139, avg_aucr: 0.8080018349089113
2025-03-02 16:24:56,867 - mode: avg_auc: 0.6573387252801923, avg_aucr: 0.4894232748626133
2025-03-02 16:28:08,868 - mode: avg_auc: 0.8370254695208745, avg_aucr: 0.7401564224406596
2025-03-02 16:29:21,425 - mode: avg_auc: 0.8685151531902544, avg_aucr: 0.757535352744939
2025-03-02 16:30:33,343 - mode: avg_auc: 0.874178597587098, avg_aucr: 0.7806937800670218
2025-03-02 16:31:00,447 - mode: avg_auc: 0.8667730199969598, avg_aucr: 0.7541785172773622
2025-03-02 16:32:41,781 - mode: avg_auc: 0.8068486477522422, avg_aucr: 0.6794852755897348
2025-03-02 16:35:30,500 - mode: avg_auc: 0.8854890756070259, avg_aucr: 0.7989655176451446
2025-03-02 16:39:08,454 - mode: avg_auc: 0.8292709470571165, avg_aucr: 0.7120455053400707
2025-03-02 16:39:30,669 - mode: avg_auc: 0.8208824504912866, avg_aucr: 0.7331352664920867
2025-03-02 16:44:35,806 - mode: avg_auc: 0.5228904382194828, avg_aucr: 0.3588666498657045
2025-03-02 16:45:02,487 - mode: avg_auc: 0.761040132115366, avg_aucr: 0.6711029443048196
2025-03-02 16:45:24,617 - mode: avg_auc: 0.8738374262378905, avg_aucr: 0.7949645255685526
2025-03-02 16:45:50,449 - mode: avg_auc: 0.8707746576194358, avg_aucr: 0.8018273509162472
2025-03-02 16:46:09,580 - mode: avg_auc: 0.845774139384475, avg_aucr: 0.7496176796710285
2025-03-02 16:49:43,095 - mode: avg_auc: 0.6415135570265751, avg_aucr: 0.4734169517987986
2025-03-02 16:50:28,098 - mode: avg_auc: 0.8548596619726095, avg_aucr: 0.7614084774230566
2025-03-02 17:10:06,331 - mode: avg_auc: 0.895991970813007, avg_aucr: 0.8068681547207501
2025-03-02 17:11:00,464 - mode: avg_auc: 0.5576691864402095, avg_aucr: 0.3719419034235329
2025-03-02 17:11:52,097 - mode: avg_auc: 0.6193736957753486, avg_aucr: 0.42885644062029127
2025-03-02 17:32:35,549 - mode: avg_auc: 0.6309605657743813, avg_aucr: 0.46044470266169063
2025-03-02 17:33:11,194 - mode: avg_auc: 0.5502722460994183, avg_aucr: 0.3749079518179993
2025-03-02 17:41:44,837 - mode: avg_auc: 0.5275562803167452, avg_aucr: 0.37117438511289536
2025-03-02 17:49:54,249 - mode: avg_auc: 0.6295431931565346, avg_aucr: 0.5237087703664307
2025-03-02 17:50:24,600 - mode: avg_auc: 0.8855979049487983, avg_aucr: 0.8153929656154666
2025-03-02 17:50:43,625 - mode: avg_auc: 0.6557451527756664, avg_aucr: 0.5335402967911064
2025-03-02 17:53:42,054 - mode: avg_auc: 0.5414916184132336, avg_aucr: 0.37178333463978175
2025-03-02 17:54:04,857 - mode: avg_auc: 0.8572452702422576, avg_aucr: 0.768581212367782
2025-03-02 17:57:13,598 - mode: avg_auc: 0.7459957712027198, avg_aucr: 0.686327942175709
2025-03-02 17:59:01,040 - mode: avg_auc: 0.8374348751399234, avg_aucr: 0.8559450934247113
2025-03-02 17:59:25,623 - mode: avg_auc: 0.9009549342878069, avg_aucr: 0.8899238562752343
2025-03-02 17:59:38,105 - mode: avg_auc: 0.8889595223946601, avg_aucr: 0.8957745130294615
2025-03-02 17:59:58,041 - mode: avg_auc: 0.8924316966321637, avg_aucr: 0.9005764182510032
2025-03-02 18:00:12,163 - mode: avg_auc: 0.8852558698746562, avg_aucr: 0.8922438532973783
2025-03-02 18:00:28,977 - mode: avg_auc: 0.8762316717568857, avg_aucr: 0.8828508227631398
2025-03-02 18:00:47,108 - mode: avg_auc: 0.8767084479208413, avg_aucr: 0.8826619379077384
2025-03-02 18:03:18,613 - mode: avg_auc: 0.8855979049487983, avg_aucr: 0.8980811678327822
2025-03-02 18:03:36,460 - mode: avg_auc: 0.8715502826107986, avg_aucr: 0.8873898729760155
2025-03-03 22:22:23,271 - mode: avg_auc: 0.875264299830019, avg_aucr: 0.8976504990659607
2025-03-03 22:49:45,259 - mode: avg_auc: 0.9122320894041697, avg_aucr: 0.9168964827812005
2025-03-03 22:50:22,970 - mode: avg_auc: 0.9176356098093092, avg_aucr: 0.9185268218759971
2025-03-03 22:51:32,907 - mode: avg_auc: 0.9158417372348165, avg_aucr: 0.9184423494732846
2025-03-03 22:52:45,478 - mode: avg_auc: 0.9155372470132902, avg_aucr: 0.9184209744843541
2025-03-03 22:53:52,873 - mode: avg_auc: 0.9151279674912669, avg_aucr: 0.9155205440067458
2025-03-03 22:54:13,813 - mode: avg_auc: 0.8314558583660943, avg_aucr: 0.8131630715422486
2025-03-03 22:54:57,686 - mode: avg_auc: 0.9073224529972745, avg_aucr: 0.9070229996642886
2025-03-03 22:55:17,883 - mode: avg_auc: 0.9044287222319091, avg_aucr: 0.9031144521342591
2025-03-03 22:55:37,176 - mode: avg_auc: 0.9161702774597357, avg_aucr: 0.909699026871047
2025-03-03 22:56:46,820 - mode: avg_auc: 0.5119662631117899, avg_aucr: 0.5844489829316444
2025-03-03 22:57:17,247 - mode: avg_auc: 0.6861424945531323, avg_aucr: 0.7272369249940862
2025-03-03 22:59:32,472 - mode: avg_auc: 0.8723088888888888, avg_aucr: 0.8939059948008459
2025-03-03 22:59:55,640 - mode: avg_auc: 0.8693153333333334, avg_aucr: 0.8952753700832314
2025-03-03 23:00:46,297 - mode: avg_auc: 0.9206332709464793, avg_aucr: 0.9151742224650115
2025-03-03 23:07:04,187 - mode: avg_auc: 0.9195432904355713, avg_aucr: 0.9162186587940884
2025-03-03 23:07:52,695 - mode: avg_auc: 0.9129235270017118, avg_aucr: 0.9156184998311983
2025-03-03 23:08:48,974 - mode: avg_auc: 0.5436550508013376, avg_aucr: 0.5489583598525771
2025-03-03 23:09:06,932 - mode: avg_auc: 0.5367505525058814, avg_aucr: 0.546030595538258
2025-03-03 23:15:24,137 - mode: avg_auc: 0.6603744413742516, avg_aucr: 0.6775966249097651
2025-03-03 23:16:10,866 - mode: avg_auc: 0.9142711861203995, avg_aucr: 0.9138194212444706
2025-03-03 23:16:29,600 - mode: avg_auc: 0.9219130746984516, avg_aucr: 0.9198225340238753
2025-03-03 23:16:49,401 - mode: avg_auc: 0.9098004622754223, avg_aucr: 0.9104005345782358
2025-03-03 23:17:24,968 - mode: avg_auc: 0.9152220201831063, avg_aucr: 0.9175993311884849
2025-03-03 23:22:07,018 - mode: avg_auc: 0.5704201277914109, avg_aucr: 0.5927249394079066
2025-03-03 23:31:56,146 - mode: avg_auc: 0.9161118703086388, avg_aucr: 0.9164931944302137
2025-03-03 23:41:29,278 - mode: avg_auc: 0.7916531027510627, avg_aucr: 0.7880921988059915
2025-03-03 23:42:03,775 - mode: avg_auc: 0.9193667805892423, avg_aucr: 0.9212703524755155
2025-03-03 23:42:20,407 - mode: avg_auc: 0.9182883956156843, avg_aucr: 0.9174914413977644
2025-03-03 23:42:36,448 - mode: avg_auc: 0.9211151299430272, avg_aucr: 0.9221585520656813
2025-03-03 23:42:55,595 - mode: avg_auc: 0.9151086415956834, avg_aucr: 0.9146145702225311
2025-03-03 23:45:04,319 - mode: avg_auc: 0.912764625193581, avg_aucr: 0.9134934286381585
2025-03-03 23:45:36,831 - mode: avg_auc: 0.9168063141566051, avg_aucr: 0.913824717151524
2025-03-03 23:45:58,405 - mode: avg_auc: 0.9181045848754681, avg_aucr: 0.916730557734783
2025-03-03 23:46:17,901 - mode: avg_auc: 0.9155814818409589, avg_aucr: 0.9172947729043792
2025-03-03 23:50:08,497 - mode: avg_auc: 0.4900093709120362, avg_aucr: 0.5110968637117091
2025-03-03 23:50:48,653 - mode: avg_auc: 0.4902417111233842, avg_aucr: 0.527703869847608
2025-03-03 23:51:14,159 - mode: avg_auc: 0.9161419328128797, avg_aucr: 0.9125361825897251
2025-03-03 23:53:49,078 - mode: avg_auc: 0.9100851971370189, avg_aucr: 0.9111197384764402
2025-03-03 23:58:43,923 - mode: avg_auc: 0.9085605987076558, avg_aucr: 0.911753755352158
2025-03-04 01:00:24,428 - mode: avg_auc: 0.8964990925418364, avg_aucr: 0.8899371961271892
2025-03-04 01:01:21,463 - mode: avg_auc: 0.9106654034688694, avg_aucr: 0.9114920159710701
2025-03-04 22:21:43,449 - mode: avg_auc: 0.9096046265335098, avg_aucr: 0.904418319312971
2025-03-04 22:22:24,027 - mode: avg_auc: 0.9134487618972361, avg_aucr: 0.9188457208128207
2025-03-04 22:22:39,303 - mode: avg_auc: 0.9154745452187307, avg_aucr: 0.9193785345174357
2025-03-04 22:28:24,220 - mode: avg_auc: 0.8005979580124465, avg_aucr: 0.8649817024329335
2025-03-04 22:28:51,040 - mode: avg_auc: 0.880445459189765, avg_aucr: 0.8992102838634192
2025-03-04 22:29:48,318 - mode: avg_auc: 0.9133684520644779, avg_aucr: 0.9128278513544689
2025-03-04 22:30:46,584 - mode: avg_auc: 0.7985451404593251, avg_aucr: 0.8629309688776312
2025-03-04 22:31:31,846 - mode: avg_auc: 0.7996401244384712, avg_aucr: 0.8641636224350616
2025-03-04 22:32:25,630 - mode: avg_auc: 0.8808398220861864, avg_aucr: 0.9023019219689956
2025-03-04 22:32:44,215 - mode: avg_auc: 0.8835739531407221, avg_aucr: 0.9016634681368747
2025-03-04 22:34:58,220 - mode: avg_auc: 0.8847834510503989, avg_aucr: 0.903691077220742
2025-03-04 22:41:15,833 - mode: avg_auc: 0.8009983129168607, avg_aucr: 0.8711134975599105
2025-03-04 22:42:53,983 - mode: avg_auc: 0.8077311106386549, avg_aucr: 0.8749021466827938
2025-03-05 19:25:48,660 - mode: avg_auc: 0.806580423177797, avg_aucr: 0.8761079194171005
2025-03-05 19:26:07,367 - mode: avg_auc: 0.8809370257714044, avg_aucr: 0.8982063237396913
2025-03-05 19:27:59,747 - mode: avg_auc: 0.8801174522337096, avg_aucr: 0.9027324769163882
2025-03-05 19:37:10,638 - mode: avg_auc: 0.8088451802728893, avg_aucr: 0.8743487930274348
2025-03-05 19:39:42,508 - mode: avg_auc: 0.8682921134966207, avg_aucr: 0.8915448141275971
2025-03-05 19:41:49,967 - mode: avg_auc: 0.869917501146249, avg_aucr: 0.8944942920378638
2025-03-05 20:13:51,880 - mode: avg_auc: 0.8708194093122907, avg_aucr: 0.8928615416874882
2025-03-05 20:15:04,760 - mode: avg_auc: 0.8665282438844901, avg_aucr: 0.8927394343637013
2025-03-05 20:16:55,237 - mode: avg_auc: 0.8754070681726285, avg_aucr: 0.8974012649312086
2025-03-05 20:17:47,911 - mode: avg_auc: 0.8690963741250005, avg_aucr: 0.8924258771729313
2025-03-05 20:28:20,886 - mode: avg_auc: 0.900853572634899, avg_aucr: 0.905538652053928
2025-03-05 20:29:24,725 - mode: avg_auc: 0.8867708003680423, avg_aucr: 0.9035481177267172
2025-03-05 21:17:14,417 - mode: avg_auc: 0.8904831331794751, avg_aucr: 0.8885088170771117
2025-03-05 21:17:39,626 - mode: avg_auc: 0.8787779328643883, avg_aucr: 0.8936709576620759
2025-03-05 21:17:50,855 - mode: avg_auc: 0.87822169400644, avg_aucr: 0.8811102573942342
2025-03-05 21:18:37,897 - mode: avg_auc: 0.8700768441736155, avg_aucr: 0.8949208917307359
2025-03-05 21:19:05,499 - mode: avg_auc: 0.8916454098333735, avg_aucr: 0.908767973909627
2025-03-05 21:20:16,590 - mode: avg_auc: 0.5, avg_aucr: 0.75
2025-03-05 21:20:39,994 - mode: avg_auc: 0.8886520689515893, avg_aucr: 0.904356120806011
2025-03-05 21:21:02,464 - mode: avg_auc: 0.887548651776009, avg_aucr: 0.903931150734322
2025-03-05 21:21:24,230 - mode: avg_auc: 0.8715206961736812, avg_aucr: 0.8920091452254233
2025-03-05 21:37:09,443 - mode: avg_auc: 0.876591266493002, avg_aucr: 0.8908383333576453
2025-03-05 21:38:22,358 - mode: avg_auc: 0.8710426670915815, avg_aucr: 0.8932916380508014
2025-03-05 21:38:50,169 - mode: avg_auc: 0.8732605977538402, avg_aucr: 0.8969903183414942
2025-03-05 21:39:59,130 - mode: avg_auc: 0.8735959282752206, avg_aucr: 0.8913824861974801
2025-03-05 21:40:20,734 - mode: avg_auc: 0.87828345393544, avg_aucr: 0.898826137389801
2025-03-05 21:46:13,854 - mode: avg_auc: 0.8767714705852329, avg_aucr: 0.899700160590717
2025-03-05 21:46:48,761 - mode: avg_auc: 0.8732725817698261, avg_aucr: 0.8932610529831098
2025-03-05 21:47:19,226 - mode: avg_auc: 0.8872408401061517, avg_aucr: 0.9040284880297804
2025-03-05 21:47:54,934 - mode: avg_auc: 0.8854809651660165, avg_aucr: 0.9059406356146473
2025-03-05 21:48:11,381 - mode: avg_auc: 0.8896951221947973, avg_aucr: 0.9013405191969643
2025-03-05 21:48:34,899 - mode: avg_auc: 0.8757905566841736, avg_aucr: 0.8965732668573141
2025-03-05 21:49:01,869 - mode: avg_auc: 0.8751252218707405, avg_aucr: 0.8961712474193283
2025-03-05 21:49:45,032 - mode: avg_auc: 0.8750377829392886, avg_aucr: 0.8960555378102352
2025-03-05 23:05:21,125 - mode: avg_auc: 0.8721429773000544, avg_aucr: 0.897551282165393
2025-03-05 23:05:49,460 - mode: avg_auc: 0.8666285545368155, avg_aucr: 0.8895560279951893
2025-03-05 23:06:15,349 - mode: avg_auc: 0.8771538494656683, avg_aucr: 0.8907393829142951
2025-03-05 23:06:41,168 - mode: avg_auc: 0.8536201271104629, avg_aucr: 0.8759136585729344
2025-03-05 23:07:10,268 - mode: avg_auc: 0.8497448514226137, avg_aucr: 0.8736224764525219
2025-03-05 23:08:10,180 - mode: avg_auc: 0.8837985424773447, avg_aucr: 0.9016511771701087
2025-03-05 23:08:36,078 - mode: avg_auc: 0.5, avg_aucr: 0.75
2025-03-05 23:09:28,002 - mode: avg_auc: 0.8807872255715821, avg_aucr: 0.8972596523395047
2025-03-08 16:20:35,059 - mode: avg_auc: 0.8700795072882791, avg_aucr: 0.8981814213738857
2025-03-08 16:21:28,141 - mode: avg_auc: 0.8874594374347814, avg_aucr: 0.9027517107753527
2025-03-08 16:21:48,478 - mode: avg_auc: 0.8913757694736932, avg_aucr: 0.9082646248574979
2025-03-08 16:22:06,092 - mode: avg_auc: 0.8894936131852583, avg_aucr: 0.9092190058732812
2025-03-08 16:22:42,890 - mode: avg_auc: 0.8738376059309338, avg_aucr: 0.8900074608900942
2025-03-08 16:23:08,320 - mode: avg_auc: 0.7823409754367618, avg_aucr: 0.8500804940056921
2025-03-08 16:23:34,459 - mode: avg_auc: 0.7851505614067636, avg_aucr: 0.8461686209516517
2025-03-08 16:24:01,726 - mode: avg_auc: 0.8661034770956604, avg_aucr: 0.8911039508025109
2025-03-08 16:26:41,580 - mode: avg_auc: 0.9207044293366935, avg_aucr: 0.9203452203155543
2025-03-08 16:27:26,994 - mode: avg_auc: 0.9473562151104238, avg_aucr: 0.9378035151036453
2025-03-08 16:27:47,574 - mode: avg_auc: 0.9516316237764653, avg_aucr: 0.9549109970368858
2025-03-08 16:28:12,891 - mode: avg_auc: 0.840591726324134, avg_aucr: 0.848767823528406
2025-03-08 16:28:39,433 - mode: avg_auc: 0.9480737025860175, avg_aucr: 0.9554010300886792
2025-03-08 16:29:09,515 - mode: avg_auc: 0.9461287411767682, avg_aucr: 0.9517748092453878
2025-03-08 16:29:47,902 - mode: avg_auc: 0.9436555953592566, avg_aucr: 0.9352210334752862
2025-03-08 16:30:11,530 - mode: avg_auc: 0.9478602095604929, avg_aucr: 0.9501139214256616
2025-03-08 16:30:39,119 - mode: avg_auc: 0.6676295305683397, avg_aucr: 0.7524072922502939
2025-03-08 16:35:59,183 - mode: avg_auc: 0.6621164393624326, avg_aucr: 0.7515658270605124
2025-03-08 16:36:41,728 - mode: avg_auc: 0.785452381068628, avg_aucr: 0.8562072254023207
2025-03-08 16:37:08,569 - mode: avg_auc: 0.8684337024262307, avg_aucr: 0.8915301217412632
2025-03-08 16:39:19,882 - mode: avg_auc: 0.7318283480566588, avg_aucr: 0.8245160091226502
2025-03-08 16:40:57,831 - mode: avg_auc: 0.9530996657347246, avg_aucr: 0.9593223370974386
2025-03-08 16:42:14,910 - mode: avg_auc: 0.47856747511430314, avg_aucr: 0.5052116942650187
2025-03-08 16:42:42,272 - mode: avg_auc: 0.726198079805557, avg_aucr: 0.8131657961452611
2025-03-08 16:43:13,922 - mode: avg_auc: 0.7803218906693783, avg_aucr: 0.8453513125156212
2025-03-08 16:43:46,764 - mode: avg_auc: 0.8681678348123236, avg_aucr: 0.8890014333803972
2025-03-08 16:45:30,193 - mode: avg_auc: 0.8757164333260394, avg_aucr: 0.8903020189140887
2025-03-08 17:29:54,984 - mode: avg_auc: 0.7195345230650142, avg_aucr: 0.7737194051896892
2025-03-08 17:32:10,652 - mode: avg_auc: 0.880396857347156, avg_aucr: 0.896418124448398
2025-03-08 17:35:27,127 - mode: avg_auc: 0.8778069783368938, avg_aucr: 0.8973727272686123
2025-03-08 17:35:46,161 - mode: avg_auc: 0.886583272710487, avg_aucr: 0.9006966888294166
2025-03-08 17:42:26,262 - mode: avg_auc: 0.910424044506249, avg_aucr: 0.9099693037671805
2025-03-08 17:42:48,086 - mode: avg_auc: 0.9177369633950359, avg_aucr: 0.9149581579630138
2025-03-08 17:43:17,397 - mode: avg_auc: 0.9172138758212434, avg_aucr: 0.9127204486487897
2025-03-08 17:43:42,121 - mode: avg_auc: 0.9140835102010666, avg_aucr: 0.9149309281747906
2025-03-08 17:44:02,367 - mode: avg_auc: 0.9154792693265399, avg_aucr: 0.9168249851956737
2025-03-08 17:44:24,069 - mode: avg_auc: 0.9139147307129709, avg_aucr: 0.9084641572825901
2025-03-08 17:44:47,274 - mode: avg_auc: 0.9151095005243761, avg_aucr: 0.9130756880101698
2025-03-08 17:49:19,438 - mode: avg_auc: 0.5380157678398958, avg_aucr: 0.606237496523622
2025-03-08 17:49:36,042 - mode: avg_auc: 0.5639585813436356, avg_aucr: 0.6446062698938941
2025-03-08 17:50:41,512 - mode: avg_auc: 0.6900339165786933, avg_aucr: 0.7034242920357242
2025-03-08 17:51:24,145 - mode: avg_auc: 0.580304799982031, avg_aucr: 0.6457172290004749
2025-03-08 17:52:20,837 - mode: avg_auc: 0.82119182370536, avg_aucr: 0.8483284716446627
2025-03-08 17:52:42,551 - mode: avg_auc: 0.8690573151099356, avg_aucr: 0.8925491509611176
2025-03-08 17:55:22,190 - mode: avg_auc: 0.8719951744362298, avg_aucr: 0.892880926529086
2025-03-08 17:55:54,378 - mode: avg_auc: 0.8776287715806607, avg_aucr: 0.8944056323544599
2025-03-08 17:56:34,569 - mode: avg_auc: 0.876792553576319, avg_aucr: 0.8860050782159548
2025-03-08 22:25:40,027 - mode: avg_auc: 0.8842051113159737, avg_aucr: 0.9015976613356222
2025-03-08 22:26:17,901 - mode: avg_auc: 0.8089113142870332, avg_aucr: 0.8762310936272895
2025-03-08 22:26:45,970 - mode: avg_auc: 0.8766880263257761, avg_aucr: 0.8959078703227568
2025-03-08 22:27:09,483 - mode: avg_auc: 0.8883806531821336, avg_aucr: 0.9057209740177317
2025-03-08 22:27:36,883 - mode: avg_auc: 0.5378140089596055, avg_aucr: 0.655277475121709
2025-03-08 22:28:25,018 - mode: avg_auc: 0.8096467777866054, avg_aucr: 0.8782640523203256
2025-03-08 23:45:18,970 - mode: avg_auc: 0.8093189927567721, avg_aucr: 0.8797814083761404
2025-03-08 23:46:51,426 - mode: avg_auc: 0.8674856336060215, avg_aucr: 0.8917586903685969
2025-03-09 16:31:11,550 - mode: avg_auc: 0.8934128881579856, avg_aucr: 0.8972610856769601
2025-03-09 16:38:31,322 - mode: avg_auc: 0.8714259062202014, avg_aucr: 0.8712541802310326
2025-03-09 16:38:43,525 - mode: avg_auc: 0.8715710120092315, avg_aucr: 0.8828366129584692
2025-03-09 16:39:04,938 - mode: avg_auc: 0.879361810920247, avg_aucr: 0.8812473977871944
2025-03-09 16:47:37,038 - mode: avg_auc: 0.8770790603288681, avg_aucr: 0.8983441241923278
2025-03-09 17:01:36,476 - mode: avg_auc: 0.9137989730142152, avg_aucr: 0.9035010127879608
2025-03-09 17:47:54,693 - mode: avg_auc: 0.914450992254331, avg_aucr: 0.9183593572745602
2025-03-09 17:52:07,146 - mode: avg_auc: 0.9035111391428587, avg_aucr: 0.8959649531451237
2025-03-09 18:07:56,433 - mode: avg_auc: 0.8938689349235085, avg_aucr: 0.8962435198128024
2025-03-09 18:08:24,290 - mode: avg_auc: 0.8781007725155816, avg_aucr: 0.8951351382558947
2025-03-09 18:08:45,921 - mode: avg_auc: 0.9063203935821784, avg_aucr: 0.911470633550652
2025-03-09 18:08:55,542 - mode: avg_auc: 0.9108307651911942, avg_aucr: 0.9049821810085569
2025-03-09 18:09:13,644 - mode: avg_auc: 0.9251115932615637, avg_aucr: 0.921334010248825
2025-03-09 18:09:29,810 - mode: avg_auc: 0.928877433976866, avg_aucr: 0.9219320211910644
2025-03-09 18:11:56,276 - mode: avg_auc: 0.9473528862170946, avg_aucr: 0.9525767815813221
2025-03-09 18:12:17,321 - mode: avg_auc: 0.946438994035067, avg_aucr: 0.9514256388230488
2025-03-09 18:12:45,806 - mode: avg_auc: 0.9412809847842944, avg_aucr: 0.9452627156643566
2025-03-09 18:13:09,401 - mode: avg_auc: 0.885433916806961, avg_aucr: 0.9024536162270106
2025-03-09 20:08:41,145 - mode: avg_auc: 0.939325148990169, avg_aucr: 0.9508570662105116
2025-03-09 20:09:28,651 - mode: avg_auc: 0.939271442844455, avg_aucr: 0.951107565039251
2025-03-09 20:10:02,343 - mode: avg_auc: 0.8885151404726407, avg_aucr: 0.9053721909416628
2025-03-09 20:12:24,914 - mode: avg_auc: 0.9386722420451655, avg_aucr: 0.948547983201169
