2025-01-11 23:56:30,697 - epoch: 15 AUC: 0.8941764210002625 AUPR: 0.8942283067967594 params: {'batch_user': 128, 'd': 32, 'decay': 1e-06, 'dropout': 0.0, 'epoch_no': 120, 'l': 2, 'lambda_1': 0.0001, 'lambda_2': 1e-05, 'lr': 0.01, 'max_samp': 30, 'svd_q': 3, 'temp': 1}
2025-01-11 23:56:42,035 - epoch: 10 AUC: 0.8903622116886168 AUPR: 0.8995300371084248 params: {'batch_user': 128, 'd': 32, 'decay': 1e-06, 'dropout': 0.0, 'epoch_no': 120, 'l': 2, 'lambda_1': 0.0001, 'lambda_2': 1e-05, 'lr': 0.01, 'max_samp': 30, 'svd_q': 3, 'temp': 9}
2025-01-11 23:57:02,030 - epoch: 25 AUC: 0.9020950512016143 AUPR: 0.9054391951917112 params: {'batch_user': 128, 'd': 32, 'decay': 1e-06, 'dropout': 0.0, 'epoch_no': 120, 'l': 2, 'lambda_1': 0.0001, 'lambda_2': 1e-05, 'lr': 0.01, 'max_samp': 30, 'svd_q': 7, 'temp': 3}
2025-01-12 00:00:52,355 - epoch: 95 AUC: 0.8959418747667942 AUPR: 0.9121373351819754 params: {'batch_user': 128, 'd': 32, 'decay': 1e-06, 'dropout': 0.0, 'epoch_no': 120, 'l': 2, 'lambda_1': 0.0001, 'lambda_2': 1e-05, 'lr': 0.001, 'max_samp': 30, 'svd_q': 7, 'temp': 7}
2025-01-12 00:07:43,058 - epoch: 30 AUC: 0.8990668315805473 AUPR: 0.9121995734743915 params: {'batch_user': 128, 'd': 32, 'decay': 1e-06, 'dropout': 0.0, 'epoch_no': 120, 'l': 2, 'lambda_1': 0.0001, 'lambda_2': 0.0001, 'lr': 0.01, 'max_samp': 100, 'svd_q': 9, 'temp': 5}
2025-01-12 00:08:00,150 - epoch: 105 AUC: 0.9020086787081438 AUPR: 0.9116003732092779 params: {'batch_user': 128, 'd': 32, 'decay': 1e-06, 'dropout': 0.0, 'epoch_no': 120, 'l': 2, 'lambda_1': 0.0001, 'lambda_2': 0.0001, 'lr': 0.001, 'max_samp': 30, 'svd_q': 3, 'temp': 7}
2025-01-12 00:11:32,953 - epoch: 105 AUC: 0.9021676040961291 AUPR: 0.9120200245554737 params: {'batch_user': 128, 'd': 32, 'decay': 1e-06, 'dropout': 0.0, 'epoch_no': 120, 'l': 2, 'lambda_1': 0.0001, 'lambda_2': 0.0001, 'lr': 0.001, 'max_samp': 100, 'svd_q': 7, 'temp': 7}
2025-01-12 00:12:47,621 - epoch: 35 AUC: 0.9043994693274001 AUPR: 0.9124521907237932 params: {'batch_user': 128, 'd': 32, 'decay': 1e-06, 'dropout': 0.0, 'epoch_no': 120, 'l': 2, 'lambda_1': 0.0001, 'lambda_2': 0.001, 'lr': 0.01, 'max_samp': 30, 'svd_q': 9, 'temp': 9}
----------
2025-01-12 00:32:32,811 - epoch: 20 AUC: 0.8865721866751427 AUPR: 0.8923705411579136 params: {'batch_user': 128, 'd': 32, 'dropout': 0.0, 'epoch_no': 120, 'l': 2, 'lambda_1': 0.0001, 'lambda_2': 1e-05, 'lr': 0.01, 'svd_q': 3, 'temp': 1}
2025-01-12 00:32:41,867 - epoch: 25 AUC: 0.894442448280151 AUPR: 0.8873979768310335 params: {'batch_user': 128, 'd': 32, 'dropout': 0.0, 'epoch_no': 120, 'l': 2, 'lambda_1': 0.0001, 'lambda_2': 1e-05, 'lr': 0.01, 'svd_q': 3, 'temp': 7}
2025-01-12 00:32:44,907 - epoch: 20 AUC: 0.8954944652506185 AUPR: 0.8996623643020283 params: {'batch_user': 128, 'd': 32, 'dropout': 0.0, 'epoch_no': 120, 'l': 2, 'lambda_1': 0.0001, 'lambda_2': 1e-05, 'lr': 0.01, 'svd_q': 3, 'temp': 9}
2025-01-12 00:32:50,535 - epoch: 15 AUC: 0.9008374676966875 AUPR: 0.9060522534922248 params: {'batch_user': 128, 'd': 32, 'dropout': 0.0, 'epoch_no': 120, 'l': 2, 'lambda_1': 0.0001, 'lambda_2': 1e-05, 'lr': 0.01, 'svd_q': 5, 'temp': 3}
2025-01-12 00:34:16,108 - epoch: 80 AUC: 0.8965222979229143 AUPR: 0.9120671938091436 params: {'batch_user': 128, 'd': 32, 'dropout': 0.0, 'epoch_no': 120, 'l': 2, 'lambda_1': 0.0001, 'lambda_2': 1e-05, 'lr': 0.001, 'svd_q': 9, 'temp': 1}
2025-01-12 00:52:25,381 - epoch: 110 AUC: 0.9019637650115393 AUPR: 0.9067361940484178 params: {'batch_user': 128, 'd': 32, 'dropout': 0.0, 'epoch_no': 120, 'l': 2, 'lambda_1': 0.01, 'lambda_2': 0.001, 'lr': 0.01, 'svd_q': 7, 'temp': 1}
2025-01-12 01:00:22,841 - epoch: 15 AUC: 0.8985295946711627 AUPR: 0.9131009002263838 params: {'batch_user': 128, 'd': 32, 'dropout': 0.0, 'epoch_no': 120, 'l': 2, 'lambda_1': 0.1, 'lambda_2': 0.001, 'lr': 0.01, 'svd_q': 9, 'temp': 3}
2025-01-12 06:10:45,644 - epoch: 35 AUC: 0.8969127015933996 AUPR: 0.9151484674737765 params: {'batch_user': 128, 'd': 32, 'dropout': 0.2, 'epoch_no': 120, 'l': 4, 'lambda_1': 0.001, 'lambda_2': 0.001, 'lr': 0.01, 'svd_q': 9, 'temp': 3}
2025-01-12 07:15:35,946 - epoch: 20 AUC: 0.9012572380149528 AUPR: 0.9165624762777934 params: {'batch_user': 128, 'd': 32, 'dropout': 0.3, 'epoch_no': 120, 'l': 2, 'lambda_1': 0.001, 'lambda_2': 0.0001, 'lr': 0.01, 'svd_q': 3, 'temp': 7}
---------linux
2025-01-12 14:23:32,054 - epoch: 25 AUC: 0.8874670057074946 AUPR: 0.8831890382094778 params: {'batch_user': 128, 'd': 32, 'dropout': 0.0, 'epoch_no': 120, 'l': 2, 'lambda_1': 0.0001, 'lambda_2': 1e-05, 'lr': 0.01, 'svd_q': 3, 'temp': 1}
2025-01-12 14:23:47,364 - epoch: 30 AUC: 0.8988958140434764 AUPR: 0.8925693505019192 params: {'batch_user': 128, 'd': 32, 'dropout': 0.0, 'epoch_no': 120, 'l': 2, 'lambda_1': 0.0001, 'lambda_2': 1e-05, 'lr': 0.01, 'svd_q': 5, 'temp': 1}
2025-01-12 14:24:15,803 - epoch: 15 AUC: 0.8932574176697392 AUPR: 0.9026729242011458 params: {'batch_user': 128, 'd': 32, 'dropout': 0.0, 'epoch_no': 120, 'l': 2, 'lambda_1': 0.0001, 'lambda_2': 1e-05, 'lr': 0.01, 'svd_q': 7, 'temp': 9}
2025-01-12 14:24:18,875 - epoch: 25 AUC: 0.9001948563452689 AUPR: 0.9085678593895079 params: {'batch_user': 128, 'd': 32, 'dropout': 0.0, 'epoch_no': 120, 'l': 2, 'lambda_1': 0.0001, 'lambda_2': 1e-05, 'lr': 0.01, 'svd_q': 9, 'temp': 1}
2025-01-12 14:24:50,181 - epoch: 85 AUC: 0.90300714473266 AUPR: 0.9098923103183327 params: {'batch_user': 128, 'd': 32, 'dropout': 0.0, 'epoch_no': 120, 'l': 2, 'lambda_1': 0.0001, 'lambda_2': 1e-05, 'lr': 0.001, 'svd_q': 5, 'temp': 1}
2025-01-12 14:25:46,435 - epoch: 15 AUC: 0.9049902571827366 AUPR: 0.9099515493728565 params: {'batch_user': 128, 'd': 32, 'dropout': 0.0, 'epoch_no': 120, 'l': 2, 'lambda_1': 0.0001, 'lambda_2': 0.0001, 'lr': 0.01, 'svd_q': 3, 'temp': 7}
2025-01-12 14:25:52,428 - epoch: 30 AUC: 0.902602921463219 AUPR: 0.9126317404456712 params: {'batch_user': 128, 'd': 32, 'dropout': 0.0, 'epoch_no': 120, 'l': 2, 'lambda_1': 0.0001, 'lambda_2': 0.0001, 'lr': 0.01, 'svd_q': 5, 'temp': 1}
2025-01-12 14:26:30,235 - epoch: 25 AUC: 0.903749948176504 AUPR: 0.9119568690281905 params: {'batch_user': 128, 'd': 32, 'dropout': 0.0, 'epoch_no': 120, 'l': 2, 'lambda_1': 0.0001, 'lambda_2': 0.0001, 'lr': 0.01, 'svd_q': 9, 'temp': 5}
2025-01-12 14:35:19,801 - epoch: 115 AUC: 0.900780461850997 AUPR: 0.9168753406136271 params: {'batch_user': 128, 'd': 32, 'dropout': 0.0, 'epoch_no': 120, 'l': 2, 'lambda_1': 0.001, 'lambda_2': 0.0001, 'lr': 0.001, 'svd_q': 5, 'temp': 5}
2025-01-12 14:44:16,308 - epoch: 110 AUC: 0.9056397783336327 AUPR: 0.9164563760753915 params: {'batch_user': 128, 'd': 32, 'dropout': 0.0, 'epoch_no': 120, 'l': 2, 'lambda_1': 0.01, 'lambda_2': 0.001, 'lr': 0.01, 'svd_q': 3, 'temp': 1}
2025-01-12 15:45:29,423 - epoch: 45 AUC: 0.9037084893796382 AUPR: 0.9186982384435316 params: {'batch_user': 128, 'd': 32, 'dropout': 0.0, 'epoch_no': 120, 'l': 5, 'lambda_1': 0.1, 'lambda_2': 0.001, 'lr': 0.01, 'svd_q': 7, 'temp': 9}
2025-01-12 16:54:46,295 - epoch: 45 AUC: 0.9033802739044513 AUPR: 0.9190203057028481 params: {'batch_user': 128, 'd': 32, 'dropout': 0.0, 'epoch_no': 120, 'l': 5, 'lambda_1': 0.1, 'lambda_2': 0.001, 'lr': 0.01, 'svd_q': 3, 'temp': 7}
2025-01-13 02:41:46,766 - epoch: 90 AUC: 0.9059576291096032 AUPR: 0.9233380363965159 params: {'batch_user': 128, 'd': 64, 'dropout': 0.0, 'epoch_no': 120, 'l': 2, 'lambda_1': 0.0001, 'lambda_2': 1e-05, 'lr': 0.001, 'svd_q': 7, 'temp': 5}
2025-01-13 17:56:32,148 - epoch: 75 AUC: 0.9043821948287061 AUPR: 0.9249862414937555 params: {'batch_user': 128, 'd': 128, 'dropout': 0.0, 'epoch_no': 120, 'l': 4, 'lambda_1': 0.01, 'lambda_2': 0.0001, 'lr': 0.001, 'svd_q': 7, 'temp': 3}
2025-01-13 18:52:39,773 - epoch: 80 AUC: 0.9110570611240861 AUPR: 0.9224421848052964 params: {'batch_user': 128, 'd': 128, 'dropout': 0.0, 'epoch_no': 120, 'l': 4, 'lambda_1': 0.0001, 'lambda_2': 1e-05, 'lr': 0.001, 'svd_q': 9, 'temp': 9}
2025-01-13 21:00:23,915 - epoch: 90 AUC: 0.9139246279072982 AUPR: 0.9295915366854977 params: {'batch_user': 128, 'd': 128, 'dropout': 0.1, 'epoch_no': 120, 'l': 5, 'lambda_1': 0.0001, 'lambda_2': 0.0001, 'lr': 0.001, 'svd_q': 7, 'temp': 7}
---- lr=0.001
2025-01-20 23:22:20,248 - n: 1 epoch: 665 AUC: 0.889633227843728 AUPR: 0.8924318994459531 params: {'batch_user': 128, 'd': 32, 'dropout': 0.0, 'epoch_no': 700, 'l': 2, 'lambda_1': 0.0001, 'lambda_2': 1e-05, 'lr': 0.0001, 'svd_q': 3, 'temp': 1}
2025-01-20 23:22:38,091 - n: 2 epoch: 530 AUC: 0.8914159561089536 AUPR: 0.8952463125931513 params: {'batch_user': 128, 'd': 32, 'dropout': 0.0, 'epoch_no': 700, 'l': 2, 'lambda_1': 0.0001, 'lambda_2': 1e-05, 'lr': 0.0001, 'svd_q': 3, 'temp': 3}
2025-01-20 23:22:56,119 - n: 3 epoch: 570 AUC: 0.8961284393526899 AUPR: 0.9020275407421939 params: {'batch_user': 128, 'd': 32, 'dropout': 0.0, 'epoch_no': 700, 'l': 2, 'lambda_1': 0.0001, 'lambda_2': 1e-05, 'lr': 0.0001, 'svd_q': 3, 'temp': 5}
2025-01-20 23:23:38,749 - n: 20 epoch: 660 AUC: 0.8986366965630657 AUPR: 0.9132770560682105 params: {'batch_user': 128, 'd': 32, 'dropout': 0.0, 'epoch_no': 700, 'l': 2, 'lambda_1': 0.0001, 'lambda_2': 1e-05, 'lr': 0.0001, 'svd_q': 9, 'temp': 9}
2025-01-20 23:26:13,098 - n: 14 epoch: 475 AUC: 0.8965706665192574 AUPR: 0.9086189134459666 params: {'batch_user': 128, 'd': 32, 'dropout': 0.0, 'epoch_no': 700, 'l': 2, 'lambda_1': 0.0001, 'lambda_2': 1e-05, 'lr': 0.0001, 'svd_q': 7, 'temp': 7}
2025-01-20 23:27:42,044 - n: 36 epoch: 625 AUC: 0.9026063763629579 AUPR: 0.9117088470353217 params: {'batch_user': 128, 'd': 32, 'dropout': 0.0, 'epoch_no': 700, 'l': 2, 'lambda_1': 0.0001, 'lambda_2': 0.0001, 'lr': 0.0001, 'svd_q': 9, 'temp': 1}
2025-01-20 23:41:17,081 - n: 82 epoch: 570 AUC: 0.9015560868423599 AUPR: 0.9216969269724558 params: {'batch_user': 128, 'd': 32, 'dropout': 0.0, 'epoch_no': 700, 'l': 2, 'lambda_1': 0.001, 'lambda_2': 1e-05, 'lr': 0.0001, 'svd_q': 3, 'temp': 3}
2025-01-20 23:54:47,605 - n: 110 epoch: 670 AUC: 0.8984881358742969 AUPR: 0.9088022041064219 params: {'batch_user': 128, 'd': 32, 'dropout': 0.0, 'epoch_no': 700, 'l': 2, 'lambda_1': 0.001, 'lambda_2': 0.0001, 'lr': 0.0001, 'svd_q': 5, 'temp': 9}
2025-01-20 23:56:52,483 - n: 132 epoch: 630 AUC: 0.8980079048106024 AUPR: 0.915181143368631 params: {'batch_user': 128, 'd': 32, 'dropout': 0.0, 'epoch_no': 700, 'l': 2, 'lambda_1': 0.001, 'lambda_2': 0.001, 'lr': 0.0001, 'svd_q': 7, 'temp': 3}
2025-01-21 00:18:17,286 - n: 189 epoch: 440 AUC: 0.8972754660659749 AUPR: 0.9111537353687359 params: {'batch_user': 128, 'd': 32, 'dropout': 0.0, 'epoch_no': 700, 'l': 2, 'lambda_1': 0.01, 'lambda_2': 0.0001, 'lr': 0.0001, 'svd_q': 5, 'temp': 7}
2025-01-21 00:45:55,656 - n: 282 epoch: 645 AUC: 0.9004159699285528 AUPR: 0.9148311680923529 params: {'batch_user': 128, 'd': 32, 'dropout': 0.0, 'epoch_no': 700, 'l': 2, 'lambda_1': 0.1, 'lambda_2': 0.001, 'lr': 0.0001, 'svd_q': 3, 'temp': 3}
2025-01-21 02:52:18,327 - n: 670 epoch: 405 AUC: 0.9046585868078109 AUPR: 0.9169350617866197 params: {'batch_user': 128, 'd': 32, 'dropout': 0.0, 'epoch_no': 700, 'l': 4, 'lambda_1': 0.0001, 'lambda_2': 0.0001, 'lr': 0.0001, 'svd_q': 5, 'temp': 9}
2025-01-22 15:55:54,784 - n: 6432 epoch: 670 AUC: 0.9059749036082972 AUPR: 0.9181632539878251 params: {'batch_user': 128, 'd': 64, 'dropout': 0.0, 'epoch_no': 700, 'l': 2, 'lambda_1': 0.0001, 'lambda_2': 0.0001, 'lr': 0.0001, 'svd_q': 7, 'temp': 3}
2025-01-22 15:58:21,265 - n: 6520 epoch: 555 AUC: 0.9056535979325882 AUPR: 0.9193464075448107 params: {'batch_user': 128, 'd': 64, 'dropout': 0.0, 'epoch_no': 700, 'l': 2, 'lambda_1': 0.001, 'lambda_2': 0.0001, 'lr': 0.0001, 'svd_q': 9, 'temp': 9}
2025-01-22 21:59:07,744 - n: 7525 epoch: 190 AUC: 0.9028654938433686 AUPR: 0.9270138727492069 params: {'batch_user': 128, 'd': 64, 'dropout': 0.0, 'epoch_no': 700, 'l': 5, 'lambda_1': 0.01, 'lambda_2': 1e-05, 'lr': 0.0001, 'svd_q': 3, 'temp': 9}
2025-01-24 09:10:04,834 - n: 12837 epoch: 295 AUC: 0.9074155967993809 AUPR: 0.921807991260673 params: {'batch_user': 128, 'd': 128, 'dropout': 0.0, 'epoch_no': 700, 'l': 2, 'lambda_1': 0.0001, 'lambda_2': 0.0001, 'lr': 0.0001, 'svd_q': 9, 'temp': 3}
2025-01-24 09:11:03,341 - n: 12903 epoch: 630 AUC: 0.9067591658490071 AUPR: 0.914909393531936 params: {'batch_user': 128, 'd': 128, 'dropout': 0.0, 'epoch_no': 700, 'l': 2, 'lambda_1': 0.001, 'lambda_2': 0.0001, 'lr': 0.0001, 'svd_q': 3, 'temp': 5}
2025-01-24 11:16:16,066 - n: 13289 epoch: 135 AUC: 0.9044720222219153 AUPR: 0.9201373457144529 params: {'batch_user': 128, 'd': 128, 'dropout': 0.0, 'epoch_no': 700, 'l': 3, 'lambda_1': 0.01, 'lambda_2': 1e-05, 'lr': 0.0001, 'svd_q': 5, 'temp': 7}
2025-01-24 11:25:58,397 - n: 13317 epoch: 450 AUC: 0.9056190489351998 AUPR: 0.9230292302525568 params: {'batch_user': 128, 'd': 128, 'dropout': 0.0, 'epoch_no': 700, 'l': 3, 'lambda_1': 0.01, 'lambda_2': 0.0001, 'lr': 0.0001, 'svd_q': 9, 'temp': 3}
2025-01-24 16:31:20,720 - n: 14085 epoch: 235 AUC: 0.909954948107406 AUPR: 0.9204958608188425 params: {'batch_user': 128, 'd': 128, 'dropout': 0.1, 'epoch_no': 700, 'l': 2, 'lambda_1': 0.0001, 'lambda_2': 1e-05, 'lr': 0.0001, 'svd_q': 3, 'temp': 9}
2025-01-25 04:44:53,908 - n: 16117 epoch: 430 AUC: 0.9056259587346774 AUPR: 0.9271889403574938 params: {'batch_user': 128, 'd': 128, 'dropout': 0.2, 'epoch_no': 700, 'l': 4, 'lambda_1': 0.001, 'lambda_2': 0.0001, 'lr': 0.0001, 'svd_q': 9, 'temp': 3}
2025-01-26 15:24:42,574 - n: 21222 epoch: 685 AUC: 0.9094263484473679 AUPR: 0.9231240288798083 params: {'batch_user': 128, 'd': 256, 'dropout': 0.1, 'epoch_no': 700, 'l': 4, 'lambda_1': 0.001, 'lambda_2': 0.0001, 'lr': 0.0001, 'svd_q': 3, 'temp': 3}
2025-01-31 14:57:52,918 - n: 39558 epoch: 405 AUC: 0.911043241525131 AUPR: 0.9306960928466856 params: {'batch_user': 256, 'd': 128, 'dropout': 0.0, 'epoch_no': 700, 'l': 5, 'lambda_1': 0.01, 'lambda_2': 0.0001, 'lr': 0.0001, 'svd_q': 9, 'temp': 5}
2025-02-01 23:12:53,376 - n: 44985 epoch: 585 AUC: 0.9112885394065865 AUPR: 0.9244421787549202 params: {'batch_user': 256, 'd': 256, 'dropout': 0.0, 'epoch_no': 700, 'l': 2, 'lambda_1': 0.01, 'lambda_2': 0.0001, 'lr': 0.0001, 'svd_q': 3, 'temp': 9}
2025-02-02 22:14:55,527 - n: 48140 epoch: 495 AUC: 0.9062927543842677 AUPR: 0.9276017591929782 params: {'batch_user': 256, 'd': 256, 'dropout': 0.2, 'epoch_no': 700, 'l': 4, 'lambda_1': 0.001, 'lambda_2': 0.001, 'lr': 0.0001, 'svd_q': 9, 'temp': 9}
